<?xml version="1.0" encoding="UTF-8"?>
<testng-results skipped="0" failed="1" total="2" passed="1">
  <reporter-output>
  </reporter-output>
  <suite name="Command line suite" duration-ms="143705" started-at="2016-01-25T17:08:14Z" finished-at="2016-01-25T17:10:38Z">
    <groups>
    </groups>
    <test name="Command line test" duration-ms="143705" started-at="2016-01-25T17:08:14Z" finished-at="2016-01-25T17:10:38Z">
      <class name="tests.tests.ProfilePageTest">
        <test-method status="PASS" signature="SetUp(java.lang.reflect.Method)[pri:0, instance:tests.tests.ProfilePageTest@dfa4f8d]" name="SetUp" is-config="true" duration-ms="21731" started-at="2016-01-25T20:08:14Z" finished-at="2016-01-25T20:08:36Z">
          <params>
            <param index="0">
              <value>
                <![CDATA[public void tests.tests.ProfilePageTest.sendMessageTest()]]>
              </value>
            </param>
          </params>
          <reporter-output>
          </reporter-output>
        </test-method> <!-- SetUp -->
        <test-method status="PASS" signature="sendMessageTest()[pri:0, instance:tests.tests.ProfilePageTest@dfa4f8d]" name="sendMessageTest" duration-ms="30665" started-at="2016-01-25T20:08:36Z" finished-at="2016-01-25T20:09:07Z">
          <reporter-output>
          </reporter-output>
        </test-method> <!-- sendMessageTest -->
        <test-method status="PASS" signature="SetUp(java.lang.reflect.Method)[pri:0, instance:tests.tests.ProfilePageTest@dfa4f8d]" name="SetUp" is-config="true" duration-ms="34966" started-at="2016-01-25T20:09:07Z" finished-at="2016-01-25T20:09:42Z">
          <params>
            <param index="0">
              <value>
                <![CDATA[public void tests.tests.ProfilePageTest.updateUserInfoTest()]]>
              </value>
            </param>
          </params>
          <reporter-output>
          </reporter-output>
        </test-method> <!-- SetUp -->
        <test-method status="FAIL" signature="updateUserInfoTest()[pri:0, instance:tests.tests.ProfilePageTest@dfa4f8d]" name="updateUserInfoTest" duration-ms="56283" started-at="2016-01-25T20:09:42Z" finished-at="2016-01-25T20:10:38Z">
          <exception class="java.lang.AssertionError">
            <message>
              <![CDATA[expected [true] but found [false]]]>
            </message>
            <full-stacktrace>
              <![CDATA[java.lang.AssertionError: expected [true] but found [false]
	at org.testng.Assert.fail(Assert.java:94)
	at org.testng.Assert.failNotEquals(Assert.java:494)
	at org.testng.Assert.assertTrue(Assert.java:42)
	at org.testng.Assert.assertTrue(Assert.java:52)
	at tests.tests.ProfilePageTest.VerifyImagesData(ProfilePageTest.java:107)
	at tests.tests.ProfilePageTest.updateUserInfoTest(ProfilePageTest.java:69)
	at sun.reflect.NativeMethodAccessorImpl.invoke0(Native Method)
	at sun.reflect.NativeMethodAccessorImpl.invoke(NativeMethodAccessorImpl.java:57)
	at sun.reflect.DelegatingMethodAccessorImpl.invoke(DelegatingMethodAccessorImpl.java:43)
	at java.lang.reflect.Method.invoke(Method.java:606)
	at org.testng.internal.MethodInvocationHelper.invokeMethod(MethodInvocationHelper.java:80)
	at org.testng.internal.Invoker.invokeMethod(Invoker.java:714)
	at org.testng.internal.Invoker.invokeTestMethod(Invoker.java:901)
	at org.testng.internal.Invoker.invokeTestMethods(Invoker.java:1231)
	at org.testng.internal.TestMethodWorker.invokeTestMethods(TestMethodWorker.java:127)
	at org.testng.internal.TestMethodWorker.run(TestMethodWorker.java:111)
	at org.testng.TestRunner.privateRun(TestRunner.java:767)
	at org.testng.TestRunner.run(TestRunner.java:617)
	at org.testng.SuiteRunner.runTest(SuiteRunner.java:334)
	at org.testng.SuiteRunner.runSequentially(SuiteRunner.java:329)
	at org.testng.SuiteRunner.privateRun(SuiteRunner.java:291)
	at org.testng.SuiteRunner.run(SuiteRunner.java:240)
	at org.testng.SuiteRunnerWorker.runSuite(SuiteRunnerWorker.java:52)
	at org.testng.SuiteRunnerWorker.run(SuiteRunnerWorker.java:86)
	at org.testng.TestNG.runSuitesSequentially(TestNG.java:1198)
	at org.testng.TestNG.runSuitesLocally(TestNG.java:1123)
	at org.testng.TestNG.run(TestNG.java:1031)
	at org.apache.maven.surefire.testng.TestNGExecutor.run(TestNGExecutor.java:70)
	at org.apache.maven.surefire.testng.TestNGDirectoryTestSuite.executeMulti(TestNGDirectoryTestSuite.java:158)
	at org.apache.maven.surefire.testng.TestNGDirectoryTestSuite.execute(TestNGDirectoryTestSuite.java:98)
	at org.apache.maven.surefire.testng.TestNGProvider.invoke(TestNGProvider.java:111)
	at sun.reflect.NativeMethodAccessorImpl.invoke0(Native Method)
	at sun.reflect.NativeMethodAccessorImpl.invoke(NativeMethodAccessorImpl.java:57)
	at sun.reflect.DelegatingMethodAccessorImpl.invoke(DelegatingMethodAccessorImpl.java:43)
	at java.lang.reflect.Method.invoke(Method.java:606)
	at org.apache.maven.surefire.util.ReflectionUtils.invokeMethodWithArray(ReflectionUtils.java:164)
	at org.apache.maven.surefire.booter.ProviderFactory$ProviderProxy.invoke(ProviderFactory.java:110)
	at org.apache.maven.surefire.booter.SurefireStarter.invokeProvider(SurefireStarter.java:175)
	at org.apache.maven.surefire.booter.SurefireStarter.runSuitesInProcessWhenForked(SurefireStarter.java:107)
	at org.apache.maven.surefire.booter.ForkedBooter.main(ForkedBooter.java:68)
]]>
            </full-stacktrace>
          </exception> <!-- java.lang.AssertionError -->
          <reporter-output>
          </reporter-output>
        </test-method> <!-- updateUserInfoTest -->
      </class> <!-- tests.tests.ProfilePageTest -->
    </test> <!-- Command line test -->
  </suite> <!-- Command line suite -->
</testng-results>
